
/home/runner/work/exp-single-phase-half-wave-load-iitr/exp-single-phase-half-wave-load-iitr/experiment/simulation/1 PHASE HW R Load/js/graph.js
    1:10  warning  'plotData' is defined but never used  no-unused-vars
    3:5   warning  'values' is not defined               no-undef
    4:5   warning  'values' is not defined               no-undef
    5:5   warning  'values' is not defined               no-undef
    6:5   warning  'values' is not defined               no-undef
   16:5   warning  'Plotly' is not defined               no-undef
   39:24  warning  'values' is not defined               no-undef
   57:5   warning  'Plotly' is not defined               no-undef
   80:24  warning  'values' is not defined               no-undef
   95:5   warning  'Plotly' is not defined               no-undef
  118:24  warning  'values' is not defined               no-undef
  136:5   warning  'Plotly' is not defined               no-undef
  159:24  warning  'values' is not defined               no-undef
  178:3   warning  'Plotly' is not defined               no-undef
  201:22  warning  'values' is not defined               no-undef
  218:17  warning  'values' is not defined               no-undef
  219:16  warning  'values' is not defined               no-undef
  220:15  warning  'values' is not defined               no-undef
  221:15  warning  'values' is not defined               no-undef
  222:20  warning  'values' is not defined               no-undef
  289:3   warning  'values' is not defined               no-undef
  290:3   warning  'values' is not defined               no-undef
  291:3   warning  'values' is not defined               no-undef
  292:3   warning  'values' is not defined               no-undef

/home/runner/work/exp-single-phase-half-wave-load-iitr/exp-single-phase-half-wave-load-iitr/experiment/simulation/1 PHASE HW R Load/js/popup.js
   6:10  warning  'openPopup' is defined but never used   no-unused-vars
  14:10  warning  'closePopup' is defined but never used  no-unused-vars

/home/runner/work/exp-single-phase-half-wave-load-iitr/exp-single-phase-half-wave-load-iitr/experiment/simulation/1 PHASE HW R Load/js/script.js
   110:3   warning  Duplicate key 'VM5'                       no-dupe-keys
   130:16  warning  'jsPlumb' is not defined                  no-undef
   135:3   warning  '$' is not defined                        no-undef
   140:3   warning  '$' is not defined                        no-undef
   142:11  warning  '$' is not defined                        no-undef
   148:16  warning  Empty block statement                     no-empty
   150:18  warning  '$' is not defined                        no-undef
   151:13  warning  'a' is already defined                    no-redeclare
   156:16  warning  Empty block statement                     no-empty
   158:18  warning  '$' is not defined                        no-undef
   159:13  warning  'a' is already defined                    no-redeclare
   164:16  warning  Empty block statement                     no-empty
   166:18  warning  '$' is not defined                        no-undef
   167:13  warning  'a' is already defined                    no-redeclare
   172:16  warning  Empty block statement                     no-empty
   174:18  warning  '$' is not defined                        no-undef
   175:13  warning  'a' is already defined                    no-redeclare
   180:16  warning  Empty block statement                     no-empty
   182:18  warning  '$' is not defined                        no-undef
   183:13  warning  'a' is already defined                    no-redeclare
   189:18  warning  '$' is not defined                        no-undef
   190:13  warning  'a' is already defined                    no-redeclare
   195:16  warning  Empty block statement                     no-empty
   424:12  warning  'createEnd' is defined but never used     no-unused-vars
   650:7   warning  'plotData' is not defined                 no-undef
   654:38  warning  'event' is defined but never used         no-unused-vars
   673:7   warning  'openPopup' is not defined                no-undef
   676:12  warning  'detach' is defined but never used        no-unused-vars
   691:16  warning  'ele' is already defined                  no-redeclare
   706:3   warning  '$' is not defined                        no-undef
   710:3   warning  '$' is not defined                        no-undef
   712:5   warning  '$' is not defined                        no-undef
   713:30  warning  '$' is not defined                        no-undef
   716:7   warning  '$' is not defined                        no-undef
   744:7   warning  '$' is not defined                        no-undef
   775:5   warning  '$' is not defined                        no-undef
   775:42  warning  'event' is defined but never used         no-unused-vars
   776:7   warning  '$' is not defined                        no-undef
   782:3   warning  '$' is not defined                        no-undef
   784:5   warning  '$' is not defined                        no-undef
   785:30  warning  '$' is not defined                        no-undef
   788:7   warning  '$' is not defined                        no-undef
   822:7   warning  '$' is not defined                        no-undef
   856:5   warning  '$' is not defined                        no-undef
   856:42  warning  'event' is defined but never used         no-unused-vars
   857:7   warning  '$' is not defined                        no-undef
   861:3   warning  '$' is not defined                        no-undef
   863:5   warning  '$' is not defined                        no-undef
   864:30  warning  '$' is not defined                        no-undef
   866:5   warning  '$' is not defined                        no-undef
   881:5   warning  '$' is not defined                        no-undef
   881:42  warning  'event' is defined but never used         no-unused-vars
   882:7   warning  '$' is not defined                        no-undef
   886:3   warning  '$' is not defined                        no-undef
   888:5   warning  '$' is not defined                        no-undef
   889:30  warning  '$' is not defined                        no-undef
   892:7   warning  '$' is not defined                        no-undef
   926:7   warning  '$' is not defined                        no-undef
   960:5   warning  '$' is not defined                        no-undef
   960:42  warning  'event' is defined but never used         no-unused-vars
   961:7   warning  '$' is not defined                        no-undef
   966:10  warning  'vlotEnter' is defined but never used     no-unused-vars
   969:3   warning  '$' is not defined                        no-undef
   971:5   warning  'plotData' is not defined                 no-undef
   974:10  warning  'freqEnter' is defined but never used     no-unused-vars
   977:3   warning  '$' is not defined                        no-undef
   979:5   warning  'plotData' is not defined                 no-undef
   983:10  warning  'changeName' is defined but never used    no-unused-vars
   986:3   warning  '$' is not defined                        no-undef
   988:5   warning  'plotData' is not defined                 no-undef
   992:10  warning  'changeValue' is defined but never used   no-unused-vars
   995:3   warning  '$' is not defined                        no-undef
   998:10  warning  'dcSubmited' is defined but never used    no-unused-vars
  1005:5   warning  '$' is not defined                        no-undef
  1010:5   warning  'plotData' is not defined                 no-undef
  1015:10  warning  'gateSubmited' is defined but never used  no-unused-vars
  1021:7   warning  'openPopup' is not defined                no-undef
  1030:7   warning  '$' is not defined                        no-undef
  1034:7   warning  '$' is not defined                        no-undef
  1039:9   warning  'openPopup' is not defined                no-undef
  1041:9   warning  'openPopup' is not defined                no-undef
  1050:9   warning  '$' is not defined                        no-undef
  1055:9   warning  'openPopup' is not defined                no-undef
  1061:9   warning  'openPopup' is not defined                no-undef
  1066:9   warning  '$' is not defined                        no-undef
  1073:5   warning  'plotData' is not defined                 no-undef
  1078:10  warning  'acSubmited' is defined but never used    no-unused-vars
  1084:5   warning  '$' is not defined                        no-undef
  1092:5   warning  '$' is not defined                        no-undef
  1096:5   warning  'plotData' is not defined                 no-undef
  1100:10  warning  'dcValue' is defined but never used       no-unused-vars
  1103:3   warning  '$' is not defined                        no-undef
  1106:5   warning  'plotData' is not defined                 no-undef
  1109:10  warning  'instchange' is defined but never used    no-unused-vars
  1113:1   warning  '$' is not defined                        no-undef
  1114:3   warning  '$' is not defined                        no-undef
  1115:5   warning  '$' is not defined                        no-undef
  1121:7   warning  'openPopup' is not defined                no-undef
  1127:7   warning  'openPopup' is not defined                no-undef
  1135:5   warning  'openPopup' is not defined                no-undef
  1142:5   warning  'count' is already defined                no-redeclare
  1144:10  warning  'showreadings' is defined but never used  no-unused-vars
  1162:11  warning  'openPopup' is not defined                no-undef

/home/runner/work/exp-single-phase-half-wave-load-iitr/exp-single-phase-half-wave-load-iitr/experiment/simulation/1 PHASE HW RL Load/js/graph.js
    1:10  warning  'plotData' is defined but never used  no-unused-vars
    3:5   warning  'values' is not defined               no-undef
    4:5   warning  'values' is not defined               no-undef
    5:5   warning  'values' is not defined               no-undef
    6:5   warning  'values' is not defined               no-undef
    7:5   warning  'values' is not defined               no-undef
   17:5   warning  'Plotly' is not defined               no-undef
   40:24  warning  'values' is not defined               no-undef
   63:5   warning  'Plotly' is not defined               no-undef
   86:24  warning  'values' is not defined               no-undef
  101:5   warning  'Plotly' is not defined               no-undef
  124:24  warning  'values' is not defined               no-undef
  147:5   warning  'Plotly' is not defined               no-undef
  170:24  warning  'values' is not defined               no-undef
  190:5   warning  'Plotly' is not defined               no-undef
  213:24  warning  'values' is not defined               no-undef
  235:17  warning  'values' is not defined               no-undef
  236:16  warning  'values' is not defined               no-undef
  237:15  warning  'values' is not defined               no-undef
  238:15  warning  'values' is not defined               no-undef
  239:20  warning  'values' is not defined               no-undef
  240:20  warning  'values' is not defined               no-undef
  356:3   warning  'values' is not defined               no-undef
  357:3   warning  'values' is not defined               no-undef
  358:3   warning  'values' is not defined               no-undef
  359:3   warning  'values' is not defined               no-undef

/home/runner/work/exp-single-phase-half-wave-load-iitr/exp-single-phase-half-wave-load-iitr/experiment/simulation/1 PHASE HW RL Load/js/popup.js
   6:10  warning  'openPopup' is defined but never used   no-unused-vars
  14:10  warning  'closePopup' is defined but never used  no-unused-vars

/home/runner/work/exp-single-phase-half-wave-load-iitr/exp-single-phase-half-wave-load-iitr/experiment/simulation/1 PHASE HW RL Load/js/script.js
   101:3   warning  Duplicate key 'VM5'                       no-dupe-keys
   121:16  warning  'jsPlumb' is not defined                  no-undef
   126:3   warning  '$' is not defined                        no-undef
   131:3   warning  '$' is not defined                        no-undef
   133:11  warning  '$' is not defined                        no-undef
   139:16  warning  Empty block statement                     no-empty
   141:18  warning  '$' is not defined                        no-undef
   142:13  warning  'a' is already defined                    no-redeclare
   147:16  warning  Empty block statement                     no-empty
   149:18  warning  '$' is not defined                        no-undef
   150:13  warning  'a' is already defined                    no-redeclare
   155:16  warning  Empty block statement                     no-empty
   157:18  warning  '$' is not defined                        no-undef
   158:13  warning  'a' is already defined                    no-redeclare
   163:16  warning  Empty block statement                     no-empty
   165:18  warning  '$' is not defined                        no-undef
   166:13  warning  'a' is already defined                    no-redeclare
   171:16  warning  Empty block statement                     no-empty
   173:18  warning  '$' is not defined                        no-undef
   174:13  warning  'a' is already defined                    no-redeclare
   179:16  warning  Empty block statement                     no-empty
   181:18  warning  '$' is not defined                        no-undef
   182:13  warning  'a' is already defined                    no-redeclare
   188:18  warning  '$' is not defined                        no-undef
   189:13  warning  'a' is already defined                    no-redeclare
   194:16  warning  Empty block statement                     no-empty
   446:12  warning  'createEnd' is defined but never used     no-unused-vars
   705:7   warning  'plotData' is not defined                 no-undef
   709:38  warning  'event' is defined but never used         no-unused-vars
   728:7   warning  'openPopup' is not defined                no-undef
   731:12  warning  'detach' is defined but never used        no-unused-vars
   747:16  warning  'ele' is already defined                  no-redeclare
   762:3   warning  '$' is not defined                        no-undef
   766:3   warning  '$' is not defined                        no-undef
   768:5   warning  '$' is not defined                        no-undef
   769:30  warning  '$' is not defined                        no-undef
   772:7   warning  '$' is not defined                        no-undef
   800:7   warning  '$' is not defined                        no-undef
   828:5   warning  '$' is not defined                        no-undef
   828:42  warning  'event' is defined but never used         no-unused-vars
   829:7   warning  '$' is not defined                        no-undef
   835:3   warning  '$' is not defined                        no-undef
   837:5   warning  '$' is not defined                        no-undef
   838:30  warning  '$' is not defined                        no-undef
   841:7   warning  '$' is not defined                        no-undef
   869:7   warning  '$' is not defined                        no-undef
   897:5   warning  '$' is not defined                        no-undef
   897:42  warning  'event' is defined but never used         no-unused-vars
   898:7   warning  '$' is not defined                        no-undef
   903:3   warning  '$' is not defined                        no-undef
   905:5   warning  '$' is not defined                        no-undef
   906:30  warning  '$' is not defined                        no-undef
   909:7   warning  '$' is not defined                        no-undef
   943:7   warning  '$' is not defined                        no-undef
   977:5   warning  '$' is not defined                        no-undef
   977:42  warning  'event' is defined but never used         no-unused-vars
   978:7   warning  '$' is not defined                        no-undef
   982:3   warning  '$' is not defined                        no-undef
   984:5   warning  '$' is not defined                        no-undef
   985:30  warning  '$' is not defined                        no-undef
   987:5   warning  '$' is not defined                        no-undef
  1002:5   warning  '$' is not defined                        no-undef
  1002:42  warning  'event' is defined but never used         no-unused-vars
  1003:7   warning  '$' is not defined                        no-undef
  1007:3   warning  '$' is not defined                        no-undef
  1009:5   warning  '$' is not defined                        no-undef
  1010:30  warning  '$' is not defined                        no-undef
  1013:7   warning  '$' is not defined                        no-undef
  1047:7   warning  '$' is not defined                        no-undef
  1081:5   warning  '$' is not defined                        no-undef
  1081:42  warning  'event' is defined but never used         no-unused-vars
  1082:7   warning  '$' is not defined                        no-undef
  1087:10  warning  'vlotEnter' is defined but never used     no-unused-vars
  1090:3   warning  '$' is not defined                        no-undef
  1092:5   warning  'plotData' is not defined                 no-undef
  1095:10  warning  'freqEnter' is defined but never used     no-unused-vars
  1098:3   warning  '$' is not defined                        no-undef
  1100:5   warning  'plotData' is not defined                 no-undef
  1104:10  warning  'changeName' is defined but never used    no-unused-vars
  1107:3   warning  '$' is not defined                        no-undef
  1109:5   warning  'plotData' is not defined                 no-undef
  1113:10  warning  'changeValue' is defined but never used   no-unused-vars
  1116:3   warning  '$' is not defined                        no-undef
  1119:10  warning  'dcSubmited' is defined but never used    no-unused-vars
  1126:5   warning  '$' is not defined                        no-undef
  1131:5   warning  'plotData' is not defined                 no-undef
  1136:10  warning  'gateSubmited' is defined but never used  no-unused-vars
  1142:7   warning  'openPopup' is not defined                no-undef
  1151:7   warning  '$' is not defined                        no-undef
  1155:7   warning  '$' is not defined                        no-undef
  1160:9   warning  'openPopup' is not defined                no-undef
  1162:9   warning  'openPopup' is not defined                no-undef
  1171:9   warning  '$' is not defined                        no-undef
  1176:9   warning  'openPopup' is not defined                no-undef
  1182:9   warning  'openPopup' is not defined                no-undef
  1187:9   warning  '$' is not defined                        no-undef
  1194:5   warning  'plotData' is not defined                 no-undef
  1199:10  warning  'acSubmited' is defined but never used    no-unused-vars
  1205:5   warning  '$' is not defined                        no-undef
  1213:5   warning  '$' is not defined                        no-undef
  1217:5   warning  'plotData' is not defined                 no-undef
  1221:10  warning  'dcValue' is defined but never used       no-unused-vars
  1224:3   warning  '$' is not defined                        no-undef
  1227:5   warning  'plotData' is not defined                 no-undef
  1230:10  warning  'instchange' is defined but never used    no-unused-vars
  1234:1   warning  '$' is not defined                        no-undef
  1235:3   warning  '$' is not defined                        no-undef
  1236:5   warning  '$' is not defined                        no-undef
  1242:7   warning  'openPopup' is not defined                no-undef
  1248:7   warning  'openPopup' is not defined                no-undef
  1256:5   warning  'openPopup' is not defined                no-undef
  1263:5   warning  'count' is already defined                no-redeclare
  1265:10  warning  'showreadings' is defined but never used  no-unused-vars
  1285:11  warning  'openPopup' is not defined                no-undef

/home/runner/work/exp-single-phase-half-wave-load-iitr/exp-single-phase-half-wave-load-iitr/experiment/simulation/1 PHASE HW RLE Load/js/graph.js
    1:10  warning  'plotData' is defined but never used  no-unused-vars
    3:5   warning  'values' is not defined               no-undef
    4:5   warning  'values' is not defined               no-undef
    5:5   warning  'values' is not defined               no-undef
    6:5   warning  'values' is not defined               no-undef
    7:5   warning  'values' is not defined               no-undef
    8:5   warning  'values' is not defined               no-undef
   18:5   warning  'Plotly' is not defined               no-undef
   41:24  warning  'values' is not defined               no-undef
   64:5   warning  'Plotly' is not defined               no-undef
   87:24  warning  'values' is not defined               no-undef
  102:5   warning  'Plotly' is not defined               no-undef
  125:24  warning  'values' is not defined               no-undef
  148:5   warning  'Plotly' is not defined               no-undef
  171:24  warning  'values' is not defined               no-undef
  193:5   warning  'Plotly' is not defined               no-undef
  216:24  warning  'values' is not defined               no-undef
  238:17  warning  'values' is not defined               no-undef
  239:16  warning  'values' is not defined               no-undef
  240:15  warning  'values' is not defined               no-undef
  241:15  warning  'values' is not defined               no-undef
  242:20  warning  'values' is not defined               no-undef
  243:20  warning  'values' is not defined               no-undef
  245:20  warning  'values' is not defined               no-undef
  388:3   warning  'values' is not defined               no-undef
  389:3   warning  'values' is not defined               no-undef
  390:3   warning  'values' is not defined               no-undef
  391:3   warning  'values' is not defined               no-undef

/home/runner/work/exp-single-phase-half-wave-load-iitr/exp-single-phase-half-wave-load-iitr/experiment/simulation/1 PHASE HW RLE Load/js/popup.js
   6:10  warning  'openPopup' is defined but never used   no-unused-vars
  14:10  warning  'closePopup' is defined but never used  no-unused-vars

/home/runner/work/exp-single-phase-half-wave-load-iitr/exp-single-phase-half-wave-load-iitr/experiment/simulation/1 PHASE HW RLE Load/js/script.js
   105:3   warning  Duplicate key 'VM5'                       no-dupe-keys
   124:16  warning  'jsPlumb' is not defined                  no-undef
   130:3   warning  '$' is not defined                        no-undef
   135:3   warning  '$' is not defined                        no-undef
   137:11  warning  '$' is not defined                        no-undef
   143:16  warning  Empty block statement                     no-empty
   145:18  warning  '$' is not defined                        no-undef
   146:13  warning  'a' is already defined                    no-redeclare
   151:16  warning  Empty block statement                     no-empty
   153:18  warning  '$' is not defined                        no-undef
   154:13  warning  'a' is already defined                    no-redeclare
   159:16  warning  Empty block statement                     no-empty
   161:18  warning  '$' is not defined                        no-undef
   162:13  warning  'a' is already defined                    no-redeclare
   167:16  warning  Empty block statement                     no-empty
   169:18  warning  '$' is not defined                        no-undef
   170:13  warning  'a' is already defined                    no-redeclare
   175:16  warning  Empty block statement                     no-empty
   177:18  warning  '$' is not defined                        no-undef
   178:13  warning  'a' is already defined                    no-redeclare
   183:16  warning  Empty block statement                     no-empty
   185:18  warning  '$' is not defined                        no-undef
   186:13  warning  'a' is already defined                    no-redeclare
   191:16  warning  Empty block statement                     no-empty
   193:18  warning  '$' is not defined                        no-undef
   194:13  warning  'a' is already defined                    no-redeclare
   200:18  warning  '$' is not defined                        no-undef
   201:13  warning  'a' is already defined                    no-redeclare
   206:16  warning  Empty block statement                     no-empty
   798:7   warning  'plotData' is not defined                 no-undef
   802:38  warning  'event' is defined but never used         no-unused-vars
   821:7   warning  'openPopup' is not defined                no-undef
   824:12  warning  'detach' is defined but never used        no-unused-vars
   840:16  warning  'ele' is already defined                  no-redeclare
   855:3   warning  '$' is not defined                        no-undef
   859:3   warning  '$' is not defined                        no-undef
   861:5   warning  '$' is not defined                        no-undef
   862:30  warning  '$' is not defined                        no-undef
   865:7   warning  '$' is not defined                        no-undef
   893:7   warning  '$' is not defined                        no-undef
   921:5   warning  '$' is not defined                        no-undef
   921:42  warning  'event' is defined but never used         no-unused-vars
   922:7   warning  '$' is not defined                        no-undef
   928:3   warning  '$' is not defined                        no-undef
   930:5   warning  '$' is not defined                        no-undef
   931:30  warning  '$' is not defined                        no-undef
   934:7   warning  '$' is not defined                        no-undef
   962:7   warning  '$' is not defined                        no-undef
   990:5   warning  '$' is not defined                        no-undef
   990:42  warning  'event' is defined but never used         no-unused-vars
   991:7   warning  '$' is not defined                        no-undef
   996:3   warning  '$' is not defined                        no-undef
   998:5   warning  '$' is not defined                        no-undef
   999:30  warning  '$' is not defined                        no-undef
  1002:7   warning  '$' is not defined                        no-undef
  1036:7   warning  '$' is not defined                        no-undef
  1070:5   warning  '$' is not defined                        no-undef
  1070:42  warning  'event' is defined but never used         no-unused-vars
  1071:7   warning  '$' is not defined                        no-undef
  1075:3   warning  '$' is not defined                        no-undef
  1077:5   warning  '$' is not defined                        no-undef
  1078:30  warning  '$' is not defined                        no-undef
  1080:5   warning  '$' is not defined                        no-undef
  1095:5   warning  '$' is not defined                        no-undef
  1095:42  warning  'event' is defined but never used         no-unused-vars
  1096:7   warning  '$' is not defined                        no-undef
  1099:3   warning  '$' is not defined                        no-undef
  1101:5   warning  '$' is not defined                        no-undef
  1102:30  warning  '$' is not defined                        no-undef
  1104:7   warning  '$' is not defined                        no-undef
  1132:7   warning  '$' is not defined                        no-undef
  1161:5   warning  '$' is not defined                        no-undef
  1161:42  warning  'event' is defined but never used         no-unused-vars
  1162:7   warning  '$' is not defined                        no-undef
  1166:3   warning  '$' is not defined                        no-undef
  1168:5   warning  '$' is not defined                        no-undef
  1169:30  warning  '$' is not defined                        no-undef
  1172:7   warning  '$' is not defined                        no-undef
  1206:7   warning  '$' is not defined                        no-undef
  1240:5   warning  '$' is not defined                        no-undef
  1240:42  warning  'event' is defined but never used         no-unused-vars
  1241:7   warning  '$' is not defined                        no-undef
  1246:10  warning  'vlotEnter' is defined but never used     no-unused-vars
  1249:3   warning  '$' is not defined                        no-undef
  1251:5   warning  'plotData' is not defined                 no-undef
  1254:10  warning  'freqEnter' is defined but never used     no-unused-vars
  1257:3   warning  '$' is not defined                        no-undef
  1259:5   warning  'plotData' is not defined                 no-undef
  1263:10  warning  'changeName' is defined but never used    no-unused-vars
  1266:3   warning  '$' is not defined                        no-undef
  1268:5   warning  'plotData' is not defined                 no-undef
  1272:10  warning  'changeValue' is defined but never used   no-unused-vars
  1275:3   warning  '$' is not defined                        no-undef
  1277:10  warning  'dcValues' is defined but never used      no-unused-vars
  1285:7   warning  '$' is not defined                        no-undef
  1287:7   warning  'openPopup' is not defined                no-undef
  1297:5   warning  'plotData' is not defined                 no-undef
  1300:10  warning  'dcSubmited' is defined but never used    no-unused-vars
  1307:5   warning  '$' is not defined                        no-undef
  1312:5   warning  'plotData' is not defined                 no-undef
  1317:10  warning  'gateSubmited' is defined but never used  no-unused-vars
  1323:7   warning  'openPopup' is not defined                no-undef
  1332:7   warning  '$' is not defined                        no-undef
  1336:7   warning  '$' is not defined                        no-undef
  1341:9   warning  'openPopup' is not defined                no-undef
  1343:9   warning  'openPopup' is not defined                no-undef
  1352:9   warning  '$' is not defined                        no-undef
  1357:9   warning  'openPopup' is not defined                no-undef
  1363:9   warning  'openPopup' is not defined                no-undef
  1368:9   warning  '$' is not defined                        no-undef
  1375:5   warning  'plotData' is not defined                 no-undef
  1380:10  warning  'acSubmited' is defined but never used    no-unused-vars
  1387:7   warning  '$' is not defined                        no-undef
  1390:7   warning  'openPopup' is not defined                no-undef
  1402:5   warning  '$' is not defined                        no-undef
  1406:5   warning  'plotData' is not defined                 no-undef
  1410:10  warning  'dcValue' is defined but never used       no-unused-vars
  1413:3   warning  '$' is not defined                        no-undef
  1416:5   warning  'plotData' is not defined                 no-undef
  1419:10  warning  'instchange' is defined but never used    no-unused-vars
  1423:1   warning  '$' is not defined                        no-undef
  1424:3   warning  '$' is not defined                        no-undef
  1425:5   warning  '$' is not defined                        no-undef
  1431:7   warning  'openPopup' is not defined                no-undef
  1437:7   warning  'openPopup' is not defined                no-undef
  1446:5   warning  'openPopup' is not defined                no-undef
  1453:5   warning  'count' is already defined                no-redeclare
  1455:10  warning  'showreadings' is defined but never used  no-unused-vars
  1475:11  warning  'openPopup' is not defined                no-undef

✖ 430 problems (0 errors, 430 warnings)

